2020-05-29 11:14:45.645  INFO 17208 --- [restartedMain] com.mysign.service.curseApplication      : No active profile set, falling back to default profiles: default
2020-05-29 11:14:47.750  WARN 17208 --- [restartedMain] o.m.s.mapper.ClassPathMapperScanner      : No MyBatis mapper was found in '[com.mysign.service]' package. Please check your configuration.
2020-05-29 11:14:48.776  INFO 17208 --- [restartedMain] o.s.cloud.context.scope.GenericScope     : BeanFactory id=c24aa826-d329-3b6e-a184-a521c431da0a
2020-05-29 11:14:49.111  INFO 17208 --- [restartedMain] trationDelegate$BeanPostProcessorChecker : Bean 'org.springframework.transaction.annotation.ProxyTransactionManagementConfiguration' of type [org.springframework.transaction.annotation.ProxyTransactionManagementConfiguration] is not eligible for getting processed by all BeanPostProcessors (for example: not eligible for auto-proxying)
2020-05-29 11:14:49.193  INFO 17208 --- [restartedMain] trationDelegate$BeanPostProcessorChecker : Bean 'org.springframework.cloud.autoconfigure.ConfigurationPropertiesRebinderAutoConfiguration' of type [org.springframework.cloud.autoconfigure.ConfigurationPropertiesRebinderAutoConfiguration] is not eligible for getting processed by all BeanPostProcessors (for example: not eligible for auto-proxying)
2020-05-29 11:14:50.051  INFO 17208 --- [restartedMain] o.s.b.w.embedded.tomcat.TomcatWebServer  : Tomcat initialized with port(s): 8300 (http)
2020-05-29 11:14:50.068  INFO 17208 --- [restartedMain] o.apache.catalina.core.StandardService   : Starting service [Tomcat]
2020-05-29 11:14:50.069  INFO 17208 --- [restartedMain] org.apache.catalina.core.StandardEngine  : Starting Servlet engine: [Apache Tomcat/9.0.29]
2020-05-29 11:14:50.276  INFO 17208 --- [restartedMain] o.a.c.c.C.[Tomcat].[localhost].[/]       : Initializing Spring embedded WebApplicationContext
2020-05-29 11:14:50.277  INFO 17208 --- [restartedMain] o.s.web.context.ContextLoader            : Root WebApplicationContext: initialization completed in 4603 ms
2020-05-29 11:14:51.414  WARN 17208 --- [restartedMain] c.n.c.sources.URLConfigurationSource     : No URLs will be polled as dynamic configuration sources.
2020-05-29 11:14:51.415  INFO 17208 --- [restartedMain] c.n.c.sources.URLConfigurationSource     : To enable URLs as dynamic configuration sources, define System property archaius.configurationSource.additionalUrls or make config.properties available on classpath.
2020-05-29 11:14:51.431  WARN 17208 --- [restartedMain] c.n.c.sources.URLConfigurationSource     : No URLs will be polled as dynamic configuration sources.
2020-05-29 11:14:51.431  INFO 17208 --- [restartedMain] c.n.c.sources.URLConfigurationSource     : To enable URLs as dynamic configuration sources, define System property archaius.configurationSource.additionalUrls or make config.properties available on classpath.
2020-05-29 11:14:51.762  INFO 17208 --- [restartedMain] o.s.s.concurrent.ThreadPoolTaskExecutor  : Initializing ExecutorService 'applicationTaskExecutor'
2020-05-29 11:14:52.642  INFO 17208 --- [restartedMain] o.s.b.d.a.OptionalLiveReloadServer       : LiveReload server is running on port 35729
2020-05-29 11:15:01.220  WARN 17208 --- [restartedMain] ockingLoadBalancerClientRibbonWarnLogger : You already have RibbonLoadBalancerClient on your classpath. It will be used by default. As Spring Cloud Ribbon is in maintenance mode. We recommend switching to BlockingLoadBalancerClient instead. In order to use it, set the value of `spring.cloud.loadbalancer.ribbon.enabled` to `false` or remove spring-cloud-starter-netflix-ribbon from your project.
2020-05-29 11:15:01.271  WARN 17208 --- [restartedMain] iguration$LoadBalancerCaffeineWarnLogger : Spring Cloud LoadBalancer is currently working with default default cache. You can switch to using Caffeine cache, by adding it to the classpath.
2020-05-29 11:15:01.397  INFO 17208 --- [restartedMain] o.s.c.n.eureka.InstanceInfoFactory       : Setting initial instance status as: STARTING
2020-05-29 11:15:01.458  INFO 17208 --- [restartedMain] com.netflix.discovery.DiscoveryClient    : Initializing Eureka in region us-east-1
2020-05-29 11:15:02.892  INFO 17208 --- [restartedMain] c.n.d.provider.DiscoveryJerseyProvider   : Using JSON encoding codec LegacyJacksonJson
2020-05-29 11:15:02.892  INFO 17208 --- [restartedMain] c.n.d.provider.DiscoveryJerseyProvider   : Using JSON decoding codec LegacyJacksonJson
2020-05-29 11:15:03.064  INFO 17208 --- [restartedMain] c.n.d.provider.DiscoveryJerseyProvider   : Using XML encoding codec XStreamXml
2020-05-29 11:15:03.065  INFO 17208 --- [restartedMain] c.n.d.provider.DiscoveryJerseyProvider   : Using XML decoding codec XStreamXml
2020-05-29 11:15:03.327  INFO 17208 --- [restartedMain] c.n.d.s.r.aws.ConfigClusterResolver      : Resolving eureka endpoints via configuration
2020-05-29 11:15:04.515  INFO 17208 --- [restartedMain] com.netflix.discovery.DiscoveryClient    : Disable delta property : false
2020-05-29 11:15:04.515  INFO 17208 --- [restartedMain] com.netflix.discovery.DiscoveryClient    : Single vip registry refresh property : null
2020-05-29 11:15:04.515  INFO 17208 --- [restartedMain] com.netflix.discovery.DiscoveryClient    : Force full registry fetch : false
2020-05-29 11:15:04.516  INFO 17208 --- [restartedMain] com.netflix.discovery.DiscoveryClient    : Application is null : false
2020-05-29 11:15:04.516  INFO 17208 --- [restartedMain] com.netflix.discovery.DiscoveryClient    : Registered Applications size is zero : true
2020-05-29 11:15:04.516  INFO 17208 --- [restartedMain] com.netflix.discovery.DiscoveryClient    : Application version is -1: true
2020-05-29 11:15:04.516  INFO 17208 --- [restartedMain] com.netflix.discovery.DiscoveryClient    : Getting all instance registry info from the eureka server
2020-05-29 11:15:04.781  INFO 17208 --- [restartedMain] com.netflix.discovery.DiscoveryClient    : The response status is 200
2020-05-29 11:15:04.785  INFO 17208 --- [restartedMain] com.netflix.discovery.DiscoveryClient    : Starting heartbeat executor: renew interval is: 30
2020-05-29 11:15:04.787  INFO 17208 --- [restartedMain] c.n.discovery.InstanceInfoReplicator     : InstanceInfoReplicator onDemand update allowed rate per min is 4
2020-05-29 11:15:04.793  INFO 17208 --- [restartedMain] com.netflix.discovery.DiscoveryClient    : Discovery Client initialized at timestamp 1590722104792 with initial instances count: 3
2020-05-29 11:15:04.795  INFO 17208 --- [restartedMain] o.s.c.n.e.s.EurekaServiceRegistry        : Registering application CURSE-SERVER with eureka with status UP
2020-05-29 11:15:04.796  INFO 17208 --- [restartedMain] com.netflix.discovery.DiscoveryClient    : Saw local status change event StatusChangeEvent [timestamp=1590722104796, current=UP, previous=STARTING]
2020-05-29 11:15:04.800  INFO 17208 --- [DiscoveryClient-InstanceInfoReplicator-0] com.netflix.discovery.DiscoveryClient    : DiscoveryClient_CURSE-SERVER/DESKTOP-SJD56LO:curse-server:8300: registering service...
2020-05-29 11:15:04.858  INFO 17208 --- [DiscoveryClient-InstanceInfoReplicator-0] com.netflix.discovery.DiscoveryClient    : DiscoveryClient_CURSE-SERVER/DESKTOP-SJD56LO:curse-server:8300 - registration status: 204
2020-05-29 11:15:04.871  INFO 17208 --- [restartedMain] o.s.b.w.embedded.tomcat.TomcatWebServer  : Tomcat started on port(s): 8300 (http) with context path ''
2020-05-29 11:15:04.872  INFO 17208 --- [restartedMain] .s.c.n.e.s.EurekaAutoServiceRegistration : Updating port to 8300
2020-05-29 11:15:07.101  INFO 17208 --- [restartedMain] com.mysign.service.curseApplication      : Started curseApplication in 28.049 seconds (JVM running for 30.937)
