2020-05-29 11:11:23.545  INFO 10836 --- [main] com.mysign.service.loginApplication      : No active profile set, falling back to default profiles: default
2020-05-29 11:11:24.682  INFO 10836 --- [main] .s.d.r.c.RepositoryConfigurationDelegate : Multiple Spring Data modules found, entering strict repository configuration mode!
2020-05-29 11:11:24.687  INFO 10836 --- [main] .s.d.r.c.RepositoryConfigurationDelegate : Bootstrapping Spring Data Redis repositories in DEFAULT mode.
2020-05-29 11:11:24.774  INFO 10836 --- [main] .s.d.r.c.RepositoryConfigurationDelegate : Finished Spring Data repository scanning in 50ms. Found 0 Redis repository interfaces.
2020-05-29 11:11:25.122  INFO 10836 --- [main] o.s.cloud.context.scope.GenericScope     : BeanFactory id=b67d7dde-f95d-36d4-ac02-f8656633aa41
2020-05-29 11:11:25.227  INFO 10836 --- [main] trationDelegate$BeanPostProcessorChecker : Bean 'com.mysign.service.mapper.curseReceiver' of type [org.springframework.cloud.openfeign.FeignClientFactoryBean] is not eligible for getting processed by all BeanPostProcessors (for example: not eligible for auto-proxying)
2020-05-29 11:11:25.298  INFO 10836 --- [main] trationDelegate$BeanPostProcessorChecker : Bean 'org.springframework.transaction.annotation.ProxyTransactionManagementConfiguration' of type [org.springframework.transaction.annotation.ProxyTransactionManagementConfiguration] is not eligible for getting processed by all BeanPostProcessors (for example: not eligible for auto-proxying)
2020-05-29 11:11:25.346  INFO 10836 --- [main] trationDelegate$BeanPostProcessorChecker : Bean 'org.springframework.cloud.autoconfigure.ConfigurationPropertiesRebinderAutoConfiguration' of type [org.springframework.cloud.autoconfigure.ConfigurationPropertiesRebinderAutoConfiguration] is not eligible for getting processed by all BeanPostProcessors (for example: not eligible for auto-proxying)
2020-05-29 11:11:25.692  INFO 10836 --- [main] o.s.b.w.embedded.tomcat.TomcatWebServer  : Tomcat initialized with port(s): 8100 (http)
2020-05-29 11:11:25.706  INFO 10836 --- [main] o.apache.catalina.core.StandardService   : Starting service [Tomcat]
2020-05-29 11:11:25.706  INFO 10836 --- [main] org.apache.catalina.core.StandardEngine  : Starting Servlet engine: [Apache Tomcat/9.0.29]
2020-05-29 11:11:25.923  INFO 10836 --- [main] o.a.c.c.C.[Tomcat].[localhost].[/]       : Initializing Spring embedded WebApplicationContext
2020-05-29 11:11:25.924  INFO 10836 --- [main] o.s.web.context.ContextLoader            : Root WebApplicationContext: initialization completed in 2351 ms
2020-05-29 11:11:27.995  WARN 10836 --- [main] c.n.c.sources.URLConfigurationSource     : No URLs will be polled as dynamic configuration sources.
2020-05-29 11:11:27.996  INFO 10836 --- [main] c.n.c.sources.URLConfigurationSource     : To enable URLs as dynamic configuration sources, define System property archaius.configurationSource.additionalUrls or make config.properties available on classpath.
2020-05-29 11:11:28.004  WARN 10836 --- [main] c.n.c.sources.URLConfigurationSource     : No URLs will be polled as dynamic configuration sources.
2020-05-29 11:11:28.005  INFO 10836 --- [main] c.n.c.sources.URLConfigurationSource     : To enable URLs as dynamic configuration sources, define System property archaius.configurationSource.additionalUrls or make config.properties available on classpath.
2020-05-29 11:11:28.190  INFO 10836 --- [main] o.s.s.concurrent.ThreadPoolTaskExecutor  : Initializing ExecutorService 'applicationTaskExecutor'
2020-05-29 11:11:35.030  WARN 10836 --- [main] ockingLoadBalancerClientRibbonWarnLogger : You already have RibbonLoadBalancerClient on your classpath. It will be used by default. As Spring Cloud Ribbon is in maintenance mode. We recommend switching to BlockingLoadBalancerClient instead. In order to use it, set the value of `spring.cloud.loadbalancer.ribbon.enabled` to `false` or remove spring-cloud-starter-netflix-ribbon from your project.
2020-05-29 11:11:35.072  WARN 10836 --- [main] iguration$LoadBalancerCaffeineWarnLogger : Spring Cloud LoadBalancer is currently working with default default cache. You can switch to using Caffeine cache, by adding it to the classpath.
2020-05-29 11:11:35.084  INFO 10836 --- [main] t.m.m.autoconfigure.MapperCacheDisabler  : Clear tk.mybatis.mapper.util.MsUtil CLASS_CACHE cache.
2020-05-29 11:11:35.085  INFO 10836 --- [main] t.m.m.autoconfigure.MapperCacheDisabler  : Clear tk.mybatis.mapper.genid.GenIdUtil CACHE cache.
2020-05-29 11:11:35.086  INFO 10836 --- [main] t.m.m.autoconfigure.MapperCacheDisabler  : Clear tk.mybatis.mapper.version.VersionUtil CACHE cache.
2020-05-29 11:11:35.087  INFO 10836 --- [main] t.m.m.autoconfigure.MapperCacheDisabler  : Clear EntityHelper entityTableMap cache.
2020-05-29 11:11:35.183  INFO 10836 --- [main] o.s.c.n.eureka.InstanceInfoFactory       : Setting initial instance status as: STARTING
2020-05-29 11:11:35.227  INFO 10836 --- [main] com.netflix.discovery.DiscoveryClient    : Initializing Eureka in region us-east-1
2020-05-29 11:11:36.530  INFO 10836 --- [main] c.n.d.provider.DiscoveryJerseyProvider   : Using JSON encoding codec LegacyJacksonJson
2020-05-29 11:11:36.530  INFO 10836 --- [main] c.n.d.provider.DiscoveryJerseyProvider   : Using JSON decoding codec LegacyJacksonJson
2020-05-29 11:11:36.679  INFO 10836 --- [main] c.n.d.provider.DiscoveryJerseyProvider   : Using XML encoding codec XStreamXml
2020-05-29 11:11:36.679  INFO 10836 --- [main] c.n.d.provider.DiscoveryJerseyProvider   : Using XML decoding codec XStreamXml
2020-05-29 11:11:36.874  INFO 10836 --- [main] c.n.d.s.r.aws.ConfigClusterResolver      : Resolving eureka endpoints via configuration
2020-05-29 11:11:37.927  INFO 10836 --- [main] com.netflix.discovery.DiscoveryClient    : Disable delta property : false
2020-05-29 11:11:37.927  INFO 10836 --- [main] com.netflix.discovery.DiscoveryClient    : Single vip registry refresh property : null
2020-05-29 11:11:37.927  INFO 10836 --- [main] com.netflix.discovery.DiscoveryClient    : Force full registry fetch : false
2020-05-29 11:11:37.927  INFO 10836 --- [main] com.netflix.discovery.DiscoveryClient    : Application is null : false
2020-05-29 11:11:37.927  INFO 10836 --- [main] com.netflix.discovery.DiscoveryClient    : Registered Applications size is zero : true
2020-05-29 11:11:37.928  INFO 10836 --- [main] com.netflix.discovery.DiscoveryClient    : Application version is -1: true
2020-05-29 11:11:37.928  INFO 10836 --- [main] com.netflix.discovery.DiscoveryClient    : Getting all instance registry info from the eureka server
2020-05-29 11:11:38.117  INFO 10836 --- [main] com.netflix.discovery.DiscoveryClient    : The response status is 200
2020-05-29 11:11:38.120  INFO 10836 --- [main] com.netflix.discovery.DiscoveryClient    : Starting heartbeat executor: renew interval is: 30
2020-05-29 11:11:38.123  INFO 10836 --- [main] c.n.discovery.InstanceInfoReplicator     : InstanceInfoReplicator onDemand update allowed rate per min is 4
2020-05-29 11:11:38.126  INFO 10836 --- [main] com.netflix.discovery.DiscoveryClient    : Discovery Client initialized at timestamp 1590721898125 with initial instances count: 1
2020-05-29 11:11:38.129  INFO 10836 --- [main] o.s.c.n.e.s.EurekaServiceRegistry        : Registering application LOGIN-SERVER with eureka with status UP
2020-05-29 11:11:38.130  INFO 10836 --- [main] com.netflix.discovery.DiscoveryClient    : Saw local status change event StatusChangeEvent [timestamp=1590721898130, current=UP, previous=STARTING]
2020-05-29 11:11:38.134  INFO 10836 --- [DiscoveryClient-InstanceInfoReplicator-0] com.netflix.discovery.DiscoveryClient    : DiscoveryClient_LOGIN-SERVER/DESKTOP-SJD56LO:login-server:8100: registering service...
2020-05-29 11:11:38.203  INFO 10836 --- [DiscoveryClient-InstanceInfoReplicator-0] com.netflix.discovery.DiscoveryClient    : DiscoveryClient_LOGIN-SERVER/DESKTOP-SJD56LO:login-server:8100 - registration status: 204
2020-05-29 11:11:38.208  INFO 10836 --- [main] o.s.b.w.embedded.tomcat.TomcatWebServer  : Tomcat started on port(s): 8100 (http) with context path ''
2020-05-29 11:11:38.209  INFO 10836 --- [main] .s.c.n.e.s.EurekaAutoServiceRegistration : Updating port to 8100
2020-05-29 11:11:40.194  INFO 10836 --- [main] com.mysign.service.loginApplication      : Started loginApplication in 22.369 seconds (JVM running for 24.666)
