2020-05-29 11:10:50.632  INFO 7976 --- [main] com.mysign.MessageApplication            : No active profile set, falling back to default profiles: default
2020-05-29 11:10:51.803  INFO 7976 --- [main] o.s.cloud.context.scope.GenericScope     : BeanFactory id=8236041f-f8c4-329a-9793-f6f529478576
2020-05-29 11:10:51.971  INFO 7976 --- [main] trationDelegate$BeanPostProcessorChecker : Bean 'org.springframework.transaction.annotation.ProxyTransactionManagementConfiguration' of type [org.springframework.transaction.annotation.ProxyTransactionManagementConfiguration] is not eligible for getting processed by all BeanPostProcessors (for example: not eligible for auto-proxying)
2020-05-29 11:10:52.006  INFO 7976 --- [main] trationDelegate$BeanPostProcessorChecker : Bean 'org.springframework.cloud.autoconfigure.ConfigurationPropertiesRebinderAutoConfiguration' of type [org.springframework.cloud.autoconfigure.ConfigurationPropertiesRebinderAutoConfiguration] is not eligible for getting processed by all BeanPostProcessors (for example: not eligible for auto-proxying)
2020-05-29 11:10:52.380  INFO 7976 --- [main] o.s.b.w.embedded.tomcat.TomcatWebServer  : Tomcat initialized with port(s): 8600 (http)
2020-05-29 11:10:52.393  INFO 7976 --- [main] o.apache.catalina.core.StandardService   : Starting service [Tomcat]
2020-05-29 11:10:52.394  INFO 7976 --- [main] org.apache.catalina.core.StandardEngine  : Starting Servlet engine: [Apache Tomcat/9.0.29]
2020-05-29 11:10:52.719  INFO 7976 --- [main] o.a.c.c.C.[Tomcat].[localhost].[/]       : Initializing Spring embedded WebApplicationContext
2020-05-29 11:10:52.720  INFO 7976 --- [main] o.s.web.context.ContextLoader            : Root WebApplicationContext: initialization completed in 2068 ms
2020-05-29 11:10:53.635  WARN 7976 --- [main] c.n.c.sources.URLConfigurationSource     : No URLs will be polled as dynamic configuration sources.
2020-05-29 11:10:53.636  INFO 7976 --- [main] c.n.c.sources.URLConfigurationSource     : To enable URLs as dynamic configuration sources, define System property archaius.configurationSource.additionalUrls or make config.properties available on classpath.
2020-05-29 11:10:53.643  WARN 7976 --- [main] c.n.c.sources.URLConfigurationSource     : No URLs will be polled as dynamic configuration sources.
2020-05-29 11:10:53.643  INFO 7976 --- [main] c.n.c.sources.URLConfigurationSource     : To enable URLs as dynamic configuration sources, define System property archaius.configurationSource.additionalUrls or make config.properties available on classpath.
2020-05-29 11:10:53.811  INFO 7976 --- [main] o.s.s.concurrent.ThreadPoolTaskExecutor  : Initializing ExecutorService 'applicationTaskExecutor'
2020-05-29 11:11:00.756  WARN 7976 --- [main] ockingLoadBalancerClientRibbonWarnLogger : You already have RibbonLoadBalancerClient on your classpath. It will be used by default. As Spring Cloud Ribbon is in maintenance mode. We recommend switching to BlockingLoadBalancerClient instead. In order to use it, set the value of `spring.cloud.loadbalancer.ribbon.enabled` to `false` or remove spring-cloud-starter-netflix-ribbon from your project.
2020-05-29 11:11:00.819  WARN 7976 --- [main] iguration$LoadBalancerCaffeineWarnLogger : Spring Cloud LoadBalancer is currently working with default default cache. You can switch to using Caffeine cache, by adding it to the classpath.
2020-05-29 11:11:00.871  INFO 7976 --- [main] t.m.m.autoconfigure.MapperCacheDisabler  : Clear tk.mybatis.mapper.util.MsUtil CLASS_CACHE cache.
2020-05-29 11:11:00.872  INFO 7976 --- [main] t.m.m.autoconfigure.MapperCacheDisabler  : Clear tk.mybatis.mapper.genid.GenIdUtil CACHE cache.
2020-05-29 11:11:00.873  INFO 7976 --- [main] t.m.m.autoconfigure.MapperCacheDisabler  : Clear tk.mybatis.mapper.version.VersionUtil CACHE cache.
2020-05-29 11:11:00.873  INFO 7976 --- [main] t.m.m.autoconfigure.MapperCacheDisabler  : Clear EntityHelper entityTableMap cache.
2020-05-29 11:11:00.963  INFO 7976 --- [main] o.s.c.n.eureka.InstanceInfoFactory       : Setting initial instance status as: STARTING
2020-05-29 11:11:01.042  INFO 7976 --- [main] com.netflix.discovery.DiscoveryClient    : Initializing Eureka in region us-east-1
2020-05-29 11:11:02.593  INFO 7976 --- [main] c.n.d.provider.DiscoveryJerseyProvider   : Using JSON encoding codec LegacyJacksonJson
2020-05-29 11:11:02.594  INFO 7976 --- [main] c.n.d.provider.DiscoveryJerseyProvider   : Using JSON decoding codec LegacyJacksonJson
2020-05-29 11:11:02.933  INFO 7976 --- [main] c.n.d.provider.DiscoveryJerseyProvider   : Using XML encoding codec XStreamXml
2020-05-29 11:11:02.933  INFO 7976 --- [main] c.n.d.provider.DiscoveryJerseyProvider   : Using XML decoding codec XStreamXml
2020-05-29 11:11:03.579  INFO 7976 --- [main] c.n.d.s.r.aws.ConfigClusterResolver      : Resolving eureka endpoints via configuration
2020-05-29 11:11:04.879  INFO 7976 --- [main] com.netflix.discovery.DiscoveryClient    : Disable delta property : false
2020-05-29 11:11:04.880  INFO 7976 --- [main] com.netflix.discovery.DiscoveryClient    : Single vip registry refresh property : null
2020-05-29 11:11:04.880  INFO 7976 --- [main] com.netflix.discovery.DiscoveryClient    : Force full registry fetch : false
2020-05-29 11:11:04.881  INFO 7976 --- [main] com.netflix.discovery.DiscoveryClient    : Application is null : false
2020-05-29 11:11:04.881  INFO 7976 --- [main] com.netflix.discovery.DiscoveryClient    : Registered Applications size is zero : true
2020-05-29 11:11:04.882  INFO 7976 --- [main] com.netflix.discovery.DiscoveryClient    : Application version is -1: true
2020-05-29 11:11:04.882  INFO 7976 --- [main] com.netflix.discovery.DiscoveryClient    : Getting all instance registry info from the eureka server
2020-05-29 11:11:05.807  INFO 7976 --- [main] com.netflix.discovery.DiscoveryClient    : The response status is 200
2020-05-29 11:11:05.810  INFO 7976 --- [main] com.netflix.discovery.DiscoveryClient    : Starting heartbeat executor: renew interval is: 30
2020-05-29 11:11:05.813  INFO 7976 --- [main] c.n.discovery.InstanceInfoReplicator     : InstanceInfoReplicator onDemand update allowed rate per min is 4
2020-05-29 11:11:05.818  INFO 7976 --- [main] com.netflix.discovery.DiscoveryClient    : Discovery Client initialized at timestamp 1590721865816 with initial instances count: 0
2020-05-29 11:11:05.821  INFO 7976 --- [main] o.s.c.n.e.s.EurekaServiceRegistry        : Registering application MESSAGE-SERVER with eureka with status UP
2020-05-29 11:11:05.822  INFO 7976 --- [main] com.netflix.discovery.DiscoveryClient    : Saw local status change event StatusChangeEvent [timestamp=1590721865822, current=UP, previous=STARTING]
2020-05-29 11:11:05.826  INFO 7976 --- [DiscoveryClient-InstanceInfoReplicator-0] com.netflix.discovery.DiscoveryClient    : DiscoveryClient_MESSAGE-SERVER/DESKTOP-SJD56LO:message-server:8600: registering service...
2020-05-29 11:11:05.905  INFO 7976 --- [main] o.s.b.w.embedded.tomcat.TomcatWebServer  : Tomcat started on port(s): 8600 (http) with context path ''
2020-05-29 11:11:05.906  INFO 7976 --- [main] .s.c.n.e.s.EurekaAutoServiceRegistration : Updating port to 8600
2020-05-29 11:11:06.055  INFO 7976 --- [DiscoveryClient-InstanceInfoReplicator-0] com.netflix.discovery.DiscoveryClient    : DiscoveryClient_MESSAGE-SERVER/DESKTOP-SJD56LO:message-server:8600 - registration status: 204
2020-05-29 11:11:08.445  INFO 7976 --- [main] com.mysign.MessageApplication            : Started MessageApplication in 23.742 seconds (JVM running for 26.325)
2020-05-29 11:11:35.812  INFO 7976 --- [DiscoveryClient-CacheRefreshExecutor-0] com.netflix.discovery.DiscoveryClient    : Disable delta property : false
2020-05-29 11:11:35.813  INFO 7976 --- [DiscoveryClient-CacheRefreshExecutor-0] com.netflix.discovery.DiscoveryClient    : Single vip registry refresh property : null
2020-05-29 11:11:35.813  INFO 7976 --- [DiscoveryClient-CacheRefreshExecutor-0] com.netflix.discovery.DiscoveryClient    : Force full registry fetch : false
2020-05-29 11:11:35.813  INFO 7976 --- [DiscoveryClient-CacheRefreshExecutor-0] com.netflix.discovery.DiscoveryClient    : Application is null : false
2020-05-29 11:11:35.813  INFO 7976 --- [DiscoveryClient-CacheRefreshExecutor-0] com.netflix.discovery.DiscoveryClient    : Registered Applications size is zero : true
2020-05-29 11:11:35.813  INFO 7976 --- [DiscoveryClient-CacheRefreshExecutor-0] com.netflix.discovery.DiscoveryClient    : Application version is -1: false
2020-05-29 11:11:35.813  INFO 7976 --- [DiscoveryClient-CacheRefreshExecutor-0] com.netflix.discovery.DiscoveryClient    : Getting all instance registry info from the eureka server
2020-05-29 11:11:35.864  INFO 7976 --- [DiscoveryClient-CacheRefreshExecutor-0] com.netflix.discovery.DiscoveryClient    : The response status is 200
