2020-05-29 11:15:04.466  INFO 12108 --- [main] com.mysign.signApplication               : No active profile set, falling back to default profiles: default
2020-05-29 11:15:05.443  INFO 12108 --- [main] o.s.cloud.context.scope.GenericScope     : BeanFactory id=b4fc8613-1e03-31b5-b81f-b6e583b067e4
2020-05-29 11:15:05.605  INFO 12108 --- [main] trationDelegate$BeanPostProcessorChecker : Bean 'org.springframework.transaction.annotation.ProxyTransactionManagementConfiguration' of type [org.springframework.transaction.annotation.ProxyTransactionManagementConfiguration] is not eligible for getting processed by all BeanPostProcessors (for example: not eligible for auto-proxying)
2020-05-29 11:15:05.645  INFO 12108 --- [main] trationDelegate$BeanPostProcessorChecker : Bean 'org.springframework.cloud.autoconfigure.ConfigurationPropertiesRebinderAutoConfiguration' of type [org.springframework.cloud.autoconfigure.ConfigurationPropertiesRebinderAutoConfiguration] is not eligible for getting processed by all BeanPostProcessors (for example: not eligible for auto-proxying)
2020-05-29 11:15:06.030  INFO 12108 --- [main] o.s.b.w.embedded.tomcat.TomcatWebServer  : Tomcat initialized with port(s): 8400 (http)
2020-05-29 11:15:06.045  INFO 12108 --- [main] o.apache.catalina.core.StandardService   : Starting service [Tomcat]
2020-05-29 11:15:06.045  INFO 12108 --- [main] org.apache.catalina.core.StandardEngine  : Starting Servlet engine: [Apache Tomcat/9.0.29]
2020-05-29 11:15:06.260  INFO 12108 --- [main] o.a.c.c.C.[Tomcat].[localhost].[/]       : Initializing Spring embedded WebApplicationContext
2020-05-29 11:15:06.261  INFO 12108 --- [main] o.s.web.context.ContextLoader            : Root WebApplicationContext: initialization completed in 1769 ms
2020-05-29 11:15:06.972  WARN 12108 --- [main] c.n.c.sources.URLConfigurationSource     : No URLs will be polled as dynamic configuration sources.
2020-05-29 11:15:06.973  INFO 12108 --- [main] c.n.c.sources.URLConfigurationSource     : To enable URLs as dynamic configuration sources, define System property archaius.configurationSource.additionalUrls or make config.properties available on classpath.
2020-05-29 11:15:06.979  WARN 12108 --- [main] c.n.c.sources.URLConfigurationSource     : No URLs will be polled as dynamic configuration sources.
2020-05-29 11:15:06.980  INFO 12108 --- [main] c.n.c.sources.URLConfigurationSource     : To enable URLs as dynamic configuration sources, define System property archaius.configurationSource.additionalUrls or make config.properties available on classpath.
2020-05-29 11:15:07.151  INFO 12108 --- [main] o.s.s.concurrent.ThreadPoolTaskExecutor  : Initializing ExecutorService 'applicationTaskExecutor'
2020-05-29 11:15:14.107  WARN 12108 --- [main] ockingLoadBalancerClientRibbonWarnLogger : You already have RibbonLoadBalancerClient on your classpath. It will be used by default. As Spring Cloud Ribbon is in maintenance mode. We recommend switching to BlockingLoadBalancerClient instead. In order to use it, set the value of `spring.cloud.loadbalancer.ribbon.enabled` to `false` or remove spring-cloud-starter-netflix-ribbon from your project.
2020-05-29 11:15:14.154  WARN 12108 --- [main] iguration$LoadBalancerCaffeineWarnLogger : Spring Cloud LoadBalancer is currently working with default default cache. You can switch to using Caffeine cache, by adding it to the classpath.
2020-05-29 11:15:14.169  INFO 12108 --- [main] t.m.m.autoconfigure.MapperCacheDisabler  : Clear tk.mybatis.mapper.util.MsUtil CLASS_CACHE cache.
2020-05-29 11:15:14.170  INFO 12108 --- [main] t.m.m.autoconfigure.MapperCacheDisabler  : Clear tk.mybatis.mapper.genid.GenIdUtil CACHE cache.
2020-05-29 11:15:14.171  INFO 12108 --- [main] t.m.m.autoconfigure.MapperCacheDisabler  : Clear tk.mybatis.mapper.version.VersionUtil CACHE cache.
2020-05-29 11:15:14.171  INFO 12108 --- [main] t.m.m.autoconfigure.MapperCacheDisabler  : Clear EntityHelper entityTableMap cache.
2020-05-29 11:15:14.262  INFO 12108 --- [main] o.s.c.n.eureka.InstanceInfoFactory       : Setting initial instance status as: STARTING
2020-05-29 11:15:14.307  INFO 12108 --- [main] com.netflix.discovery.DiscoveryClient    : Initializing Eureka in region us-east-1
2020-05-29 11:15:15.576  INFO 12108 --- [main] c.n.d.provider.DiscoveryJerseyProvider   : Using JSON encoding codec LegacyJacksonJson
2020-05-29 11:15:15.577  INFO 12108 --- [main] c.n.d.provider.DiscoveryJerseyProvider   : Using JSON decoding codec LegacyJacksonJson
2020-05-29 11:15:15.722  INFO 12108 --- [main] c.n.d.provider.DiscoveryJerseyProvider   : Using XML encoding codec XStreamXml
2020-05-29 11:15:15.723  INFO 12108 --- [main] c.n.d.provider.DiscoveryJerseyProvider   : Using XML decoding codec XStreamXml
2020-05-29 11:15:15.958  INFO 12108 --- [main] c.n.d.s.r.aws.ConfigClusterResolver      : Resolving eureka endpoints via configuration
2020-05-29 11:15:17.196  INFO 12108 --- [main] com.netflix.discovery.DiscoveryClient    : Disable delta property : false
2020-05-29 11:15:17.197  INFO 12108 --- [main] com.netflix.discovery.DiscoveryClient    : Single vip registry refresh property : null
2020-05-29 11:15:17.197  INFO 12108 --- [main] com.netflix.discovery.DiscoveryClient    : Force full registry fetch : false
2020-05-29 11:15:17.197  INFO 12108 --- [main] com.netflix.discovery.DiscoveryClient    : Application is null : false
2020-05-29 11:15:17.197  INFO 12108 --- [main] com.netflix.discovery.DiscoveryClient    : Registered Applications size is zero : true
2020-05-29 11:15:17.199  INFO 12108 --- [main] com.netflix.discovery.DiscoveryClient    : Application version is -1: true
2020-05-29 11:15:17.199  INFO 12108 --- [main] com.netflix.discovery.DiscoveryClient    : Getting all instance registry info from the eureka server
2020-05-29 11:15:17.483  INFO 12108 --- [main] com.netflix.discovery.DiscoveryClient    : The response status is 200
2020-05-29 11:15:17.486  INFO 12108 --- [main] com.netflix.discovery.DiscoveryClient    : Starting heartbeat executor: renew interval is: 30
2020-05-29 11:15:17.489  INFO 12108 --- [main] c.n.discovery.InstanceInfoReplicator     : InstanceInfoReplicator onDemand update allowed rate per min is 4
2020-05-29 11:15:17.494  INFO 12108 --- [main] com.netflix.discovery.DiscoveryClient    : Discovery Client initialized at timestamp 1590722117493 with initial instances count: 3
2020-05-29 11:15:17.496  INFO 12108 --- [main] o.s.c.n.e.s.EurekaServiceRegistry        : Registering application SIGN-SERVER with eureka with status UP
2020-05-29 11:15:17.497  INFO 12108 --- [main] com.netflix.discovery.DiscoveryClient    : Saw local status change event StatusChangeEvent [timestamp=1590722117497, current=UP, previous=STARTING]
2020-05-29 11:15:17.500  INFO 12108 --- [DiscoveryClient-InstanceInfoReplicator-0] com.netflix.discovery.DiscoveryClient    : DiscoveryClient_SIGN-SERVER/DESKTOP-SJD56LO:sign-server:8400: registering service...
2020-05-29 11:15:17.581  INFO 12108 --- [DiscoveryClient-InstanceInfoReplicator-0] com.netflix.discovery.DiscoveryClient    : DiscoveryClient_SIGN-SERVER/DESKTOP-SJD56LO:sign-server:8400 - registration status: 204
2020-05-29 11:15:17.586  INFO 12108 --- [main] o.s.b.w.embedded.tomcat.TomcatWebServer  : Tomcat started on port(s): 8400 (http) with context path ''
2020-05-29 11:15:17.587  INFO 12108 --- [main] .s.c.n.e.s.EurekaAutoServiceRegistration : Updating port to 8400
2020-05-29 11:15:20.207  INFO 12108 --- [main] com.mysign.signApplication               : Started signApplication in 22.295 seconds (JVM running for 24.886)
